<?xml version="1.0" encoding="UTF-8"?>
<!-- Generated by org.testng.reporters.JUnitReportReporter -->
<testsuite skipped="0" hostname="DESKTOP-S5UNGIC" name="TestCases.FirstTestCase" tests="2" failures="0" timestamp="2022-03-09T22:46:28 IST" time="0.157" errors="0">
  <testcase name="validatetitle" time="0.008" classname="TestCases.FirstTestCase"/>
  <system-out/>
  <testcase name="validateImage" time="0.149" classname="TestCases.FirstTestCase"/>
  <system-out/>
</testsuite> <!-- TestCases.FirstTestCase -->
